  Assembling task3_2_main.asm...
task3_2_main.asm(1): error A2008: syntax error : .
task3_2_main.asm(2): error A2008: syntax error : .
task3_2_main.asm(85): error A2008: syntax error : printf
task3_2_main.asm(86): error A2008: syntax error : printf
task3_2_main.asm(87): error A2008: syntax error : printf
task3_2_main.asm(88): error A2008: syntax error : printf
task3_2_main.asm(89): error A2008: syntax error : printf
task3_2_main.asm(99): error A2008: syntax error : invoke
task3_2_main.asm(100): error A2008: syntax error : invoke
task3_2_main.asm(193): error A2008: syntax error : invoke
task3_2_main.asm(196): error A2008: syntax error : printf
task3_2_main.asm(197): error A2008: syntax error : scanf
task3_2_main.asm(204): error A2008: syntax error : printf
task3_2_main.asm(207): error A2008: syntax error : invoke
task3_2_main.asm(111): error A2229: cannot use labels and 32-bit addressing in the same expression
task3_2_main.asm(112): error A2229: cannot use labels and 32-bit addressing in the same expression
task3_2_main.asm(113): error A2229: cannot use labels and 32-bit addressing in the same expression
task3_2_main.asm(117): error A2229: cannot use labels and 32-bit addressing in the same expression
task3_2_main.asm(125): error A2229: cannot use labels and 32-bit addressing in the same expression
task3_2_main.asm(126): error A2229: cannot use labels and 32-bit addressing in the same expression
task3_2_main.asm(127): error A2229: cannot use labels and 32-bit addressing in the same expression
task3_2_main.asm(128): error A2229: cannot use labels and 32-bit addressing in the same expression
task3_2_main.asm(129): error A2229: cannot use labels and 32-bit addressing in the same expression
task3_2_main.asm(130): error A2229: cannot use labels and 32-bit addressing in the same expression
task3_2_main.asm(131): error A2229: cannot use labels and 32-bit addressing in the same expression
task3_2_main.asm(134): error A2229: cannot use labels and 32-bit addressing in the same expression
task3_2_main.asm(135): error A2229: cannot use labels and 32-bit addressing in the same expression
task3_2_main.asm(148): error A2229: cannot use labels and 32-bit addressing in the same expression
task3_2_main.asm(149): error A2229: cannot use labels and 32-bit addressing in the same expression
task3_2_main.asm(150): error A2229: cannot use labels and 32-bit addressing in the same expression
task3_2_main.asm(151): error A2229: cannot use labels and 32-bit addressing in the same expression
task3_2_main.asm(152): error A2229: cannot use labels and 32-bit addressing in the same expression
task3_2_main.asm(153): error A2229: cannot use labels and 32-bit addressing in the same expression
task3_2_main.asm(154): error A2229: cannot use labels and 32-bit addressing in the same expression
task3_2_main.asm(157): error A2229: cannot use labels and 32-bit addressing in the same expression
task3_2_main.asm(158): error A2229: cannot use labels and 32-bit addressing in the same expression
task3_2_main.asm(171): error A2229: cannot use labels and 32-bit addressing in the same expression
task3_2_main.asm(172): error A2229: cannot use labels and 32-bit addressing in the same expression
task3_2_main.asm(173): error A2229: cannot use labels and 32-bit addressing in the same expression
task3_2_main.asm(174): error A2229: cannot use labels and 32-bit addressing in the same expression
task3_2_main.asm(175): error A2229: cannot use labels and 32-bit addressing in the same expression
task3_2_main.asm(176): error A2229: cannot use labels and 32-bit addressing in the same expression
task3_2_main.asm(177): error A2229: cannot use labels and 32-bit addressing in the same expression
task3_2_main.asm(180): error A2229: cannot use labels and 32-bit addressing in the same expression
task3_2_main.asm(181): error A2229: cannot use labels and 32-bit addressing in the same expression
task3_2_main.asm(209): warning A6004: procedure argument or local not referenced : c
D:\Program Files\Microsoft Visual Studio\2022\Community\MSBuild\Microsoft\VC\v170\BuildCustomizations\masm.targets(70,5): error MSB3721: 命令“ml64.exe /c /nologo /Zi /Fo"x64\Debug\task3_2_main.obj" /W3 /errorReport:prompt  /Tatask3_2_main.asm”已退出，返回代码为 1。
